Arguments: 
  /Users/billybonks/.nvm/versions/node/v9.4.0/bin/node /usr/local/Cellar/yarn/1.5.1_1/libexec/bin/yarn.js add babel

PATH: 
  /Users/billybonks/.rbenv/shims:/Users/billybonks/.nvm/versions/node/v9.4.0/bin:/Users/billybonks/.rbenv/shims:/Users/billybonks/.rbenv/bin:/usr/local/bin:/usr/bin:/bin:/usr/sbin:/sbin:/opt/X11/bin:/Applications/Postgres.app/Contents/Versions/latest/bin/

Yarn version: 
  1.5.1

Node version: 
  9.4.0

Platform: 
  darwin x64

npm manifest: 
  {
    "name": "semantic-dom-selectors",
    "version": "0.0.1",
    "description": "Select dom elements using html semantics instead of css",
    "main": "index.js",
    "scripts": {
      "test": "jest",
      "build": "rollup -c",
      "test:coverage": "jest --coverage",
      "test:watch": "jest --watchAll --notify",
    },
    "author": "",
    "license": "ISC",
    "dependencies": {
      "rollup": "^0.61.2",
      "rollup-plugin-babel": "^3.0.5"
    }
  }

yarn manifest: 
  No manifest

Lockfile: 
  # THIS IS AN AUTOGENERATED FILE. DO NOT EDIT THIS FILE DIRECTLY.
  # yarn lockfile v1
  
  
  "@types/estree@0.0.39":
    version "0.0.39"
    resolved "https://registry.yarnpkg.com/@types/estree/-/estree-0.0.39.tgz#e177e699ee1b8c22d23174caaa7422644389509f"
  
  "@types/node@*":
    version "10.3.6"
    resolved "https://registry.yarnpkg.com/@types/node/-/node-10.3.6.tgz#ea8aab9439b59f40d19ec5f13b44642344872b11"
  
  balanced-match@^1.0.0:
    version "1.0.0"
    resolved "https://registry.yarnpkg.com/balanced-match/-/balanced-match-1.0.0.tgz#89b4d199ab2bee49de164ea02b89ce462d71b767"
  
  brace-expansion@^1.1.7:
    version "1.1.11"
    resolved "https://registry.yarnpkg.com/brace-expansion/-/brace-expansion-1.1.11.tgz#3c7fcbf529d87226f3d2f52b966ff5271eb441dd"
    dependencies:
      balanced-match "^1.0.0"
      concat-map "0.0.1"
  
  concat-map@0.0.1:
    version "0.0.1"
    resolved "https://registry.yarnpkg.com/concat-map/-/concat-map-0.0.1.tgz#d8a96bd77fd68df7793a73036a3ba0d5405d477b"
  
  estree-walker@^0.2.1:
    version "0.2.1"
    resolved "https://registry.yarnpkg.com/estree-walker/-/estree-walker-0.2.1.tgz#bdafe8095383d8414d5dc2ecf4c9173b6db9412e"
  
  minimatch@^3.0.2:
    version "3.0.4"
    resolved "https://registry.yarnpkg.com/minimatch/-/minimatch-3.0.4.tgz#5166e286457f03306064be5497e8dbb0c3d32083"
    dependencies:
      brace-expansion "^1.1.7"
  
  rollup-plugin-babel@^3.0.5:
    version "3.0.5"
    resolved "https://registry.yarnpkg.com/rollup-plugin-babel/-/rollup-plugin-babel-3.0.5.tgz#9769a7977098da1dce5b5888fe38dfd8666bf08d"
    dependencies:
      rollup-pluginutils "^1.5.0"
  
  rollup-pluginutils@^1.5.0:
    version "1.5.2"
    resolved "https://registry.yarnpkg.com/rollup-pluginutils/-/rollup-pluginutils-1.5.2.tgz#1e156e778f94b7255bfa1b3d0178be8f5c552408"
    dependencies:
      estree-walker "^0.2.1"
      minimatch "^3.0.2"
  
  rollup@^0.61.2:
    version "0.61.2"
    resolved "https://registry.yarnpkg.com/rollup/-/rollup-0.61.2.tgz#30a953736964683a5b8ea952b137a393d84e6302"
    dependencies:
      "@types/estree" "0.0.39"
      "@types/node" "*"

Trace: 
  SyntaxError: /Users/billybonks/unearthing/tradegecko/semantic-dom-selectors/package.json: Unexpected token } in JSON at position 307
      at JSON.parse (<anonymous>)
      at /usr/local/Cellar/yarn/1.5.1_1/libexec/lib/cli.js:1036:59
      at Generator.next (<anonymous>)
      at step (/usr/local/Cellar/yarn/1.5.1_1/libexec/lib/cli.js:98:30)
      at /usr/local/Cellar/yarn/1.5.1_1/libexec/lib/cli.js:109:13
      at <anonymous>
